0 info it worked if it ends with ok
1 verbose cli [ '/home/alisonmoura/.nvm/versions/node/v6.11.2/bin/node',
1 verbose cli   '/home/alisonmoura/.nvm/versions/node/v6.11.2/bin/npm',
1 verbose cli   'start' ]
2 info using npm@3.10.10
3 info using node@v6.11.2
4 verbose run-script [ 'prestart', 'start', 'poststart' ]
5 info lifecycle crud-cliente-api@1.0.0~prestart: crud-cliente-api@1.0.0
6 silly lifecycle crud-cliente-api@1.0.0~prestart: no script for prestart, continuing
7 info lifecycle crud-cliente-api@1.0.0~start: crud-cliente-api@1.0.0
8 verbose lifecycle crud-cliente-api@1.0.0~start: unsafe-perm in lifecycle true
9 verbose lifecycle crud-cliente-api@1.0.0~start: PATH: /home/alisonmoura/.nvm/versions/node/v6.11.2/lib/node_modules/npm/bin/node-gyp-bin:/home/alisonmoura/Development/git-ht-ht/crud-cliente-api/node_modules/.bin:/usr/local/android-studio/gradle/gradle-3.2/bin:/home/alisonmoura/Android/Sdk//build-tools/26.0.1:/home/alisonmoura/Android/Sdk//tools:/home/alisonmoura/Android/Sdk//platform-tools:/home/alisonmoura/.nvm/versions/node/v6.11.2/bin:/home/alisonmoura/Android/Sdk//tools:/home/alisonmoura/Android/Sdk//platform-tools:/home/alisonmoura/bin:/home/alisonmoura/.local/bin:/usr/local/sbin:/usr/local/bin:/usr/sbin:/usr/bin:/sbin:/bin:/usr/games:/usr/local/games:/snap/bin:/usr/lib/jvm/java-8-oracle/bin:/usr/lib/jvm/java-8-oracle/db/bin:/usr/lib/jvm/java-8-oracle/jre/bin:/snap/bin:/usr/lib/jvm/java-8-oracle/bin:/usr/lib/jvm/java-8-oracle/db/bin:/usr/lib/jvm/java-8-oracle/jre/bin
10 verbose lifecycle crud-cliente-api@1.0.0~start: CWD: /home/alisonmoura/Development/git-ht-ht/crud-cliente-api
11 silly lifecycle crud-cliente-api@1.0.0~start: Args: [ '-c', 'node server.js' ]
12 silly lifecycle crud-cliente-api@1.0.0~start: Returned: code: 1  signal: null
13 info lifecycle crud-cliente-api@1.0.0~start: Failed to exec start script
14 verbose stack Error: crud-cliente-api@1.0.0 start: `node server.js`
14 verbose stack Exit status 1
14 verbose stack     at EventEmitter.<anonymous> (/home/alisonmoura/.nvm/versions/node/v6.11.2/lib/node_modules/npm/lib/utils/lifecycle.js:255:16)
14 verbose stack     at emitTwo (events.js:106:13)
14 verbose stack     at EventEmitter.emit (events.js:191:7)
14 verbose stack     at ChildProcess.<anonymous> (/home/alisonmoura/.nvm/versions/node/v6.11.2/lib/node_modules/npm/lib/utils/spawn.js:40:14)
14 verbose stack     at emitTwo (events.js:106:13)
14 verbose stack     at ChildProcess.emit (events.js:191:7)
14 verbose stack     at maybeClose (internal/child_process.js:891:16)
14 verbose stack     at Process.ChildProcess._handle.onexit (internal/child_process.js:226:5)
15 verbose pkgid crud-cliente-api@1.0.0
16 verbose cwd /home/alisonmoura/Development/git-ht-ht/crud-cliente-api
17 error Linux 4.13.0-43-generic
18 error argv "/home/alisonmoura/.nvm/versions/node/v6.11.2/bin/node" "/home/alisonmoura/.nvm/versions/node/v6.11.2/bin/npm" "start"
19 error node v6.11.2
20 error npm  v3.10.10
21 error code ELIFECYCLE
22 error crud-cliente-api@1.0.0 start: `node server.js`
22 error Exit status 1
23 error Failed at the crud-cliente-api@1.0.0 start script 'node server.js'.
23 error Make sure you have the latest version of node.js and npm installed.
23 error If you do, this is most likely a problem with the crud-cliente-api package,
23 error not with npm itself.
23 error Tell the author that this fails on your system:
23 error     node server.js
23 error You can get information on how to open an issue for this project with:
23 error     npm bugs crud-cliente-api
23 error Or if that isn't available, you can get their info via:
23 error     npm owner ls crud-cliente-api
23 error There is likely additional logging output above.
24 verbose exit [ 1, true ]
